c:\users\xlnx\desktop\ogg\ogg\temp\designdebug\vc120.pdb
c:\users\xlnx\desktop\ogg\ogg\temp\designdebug\vc120.idb
c:\users\xlnx\desktop\ogg\ogg\temp\designdebug\ogg_button.obj
c:\users\xlnx\desktop\ogg\ogg\temp\designdebug\ogg_components.obj
c:\users\xlnx\desktop\ogg\ogg\temp\designdebug\ogg_edit.obj
c:\users\xlnx\desktop\ogg\ogg\temp\designdebug\ogg_forms.obj
c:\users\xlnx\desktop\ogg\ogg\temp\designdebug\ogg_grid.obj
c:\users\xlnx\desktop\ogg\ogg\temp\designdebug\ogg_grid_canvas.obj
c:\users\xlnx\desktop\ogg\ogg\temp\designdebug\ogg_shape.obj
c:\users\xlnx\desktop\ogg\ogg\temp\designdebug\ogg_utils.obj
c:\users\xlnx\desktop\ogg\ogg\temp\designdebug\ogg.obj
c:\users\xlnx\desktop\ogg\ogg\temp\designdebug\ogg_event.obj
c:\users\xlnx\desktop\ogg\ogg\temp\designdebug\ogg_page_control.obj
c:\users\xlnx\desktop\ogg\ogg\bin\designdebug\ogg.lib
c:\users\xlnx\desktop\ogg\ogg\temp\designdebug\ogg.tlog\cl.command.1.tlog
c:\users\xlnx\desktop\ogg\ogg\temp\designdebug\ogg.tlog\cl.read.1.tlog
c:\users\xlnx\desktop\ogg\ogg\temp\designdebug\ogg.tlog\cl.write.1.tlog
c:\users\xlnx\desktop\ogg\ogg\temp\designdebug\ogg.tlog\lib-link.read.1.tlog
c:\users\xlnx\desktop\ogg\ogg\temp\designdebug\ogg.tlog\lib-link.write.1.tlog
c:\users\xlnx\desktop\ogg\ogg\temp\designdebug\ogg.tlog\lib.command.1.tlog
