生成启动时间为 2017/5/3 12:39:41。
     1>项目“C:\Users\xlnx\Desktop\OGG\OGG\OGG.vcxproj”在节点 2 上(Build 个目标)。
     1>ClCompile:
         D:\Microsoft Visual Studio 12.0\VC\bin\CL.exe /c /I"C:\Users\xlnx\Desktop\OGG\OGG\dependency\freeglut\glew-1.11.0\include" /IC:\Users\xlnx\Desktop\OGG\OGG\dependency\freeglut\freeglut\include /IC:\Users\xlnx\Desktop\OGG\OGG\include /ZI /nologo /W3 /WX- /sdl /Oy- /D LIB_OGG__BUILDING /D GLUT_DISABLE_ATEXIT_HACK /D _MBCS /Gm /EHsc /RTC1 /MDd /GS /fp:precise /Zc:wchar_t /Zc:forScope /Fo"C:\Users\xlnx\Desktop\OGG\OGG\temp\Debug\\" /Fd"C:\Users\xlnx\Desktop\OGG\OGG\temp\Debug\vc120.pdb" /Gd /TC /analyze- /errorReport:prompt src\components\ogg_components.c src\components\ogg_edit.c src\components\ogg_forms.c
         ogg_forms.c
         ogg_edit.c
         ogg_components.c
     1>c:\users\xlnx\desktop\ogg\ogg\src\components\ogg_components.c(5): warning C4028: 形参 1 与声明不同
         正在生成代码...
       Lib:
         D:\Microsoft Visual Studio 12.0\VC\bin\Lib.exe /OUT:"C:\Users\xlnx\Desktop\OGG\OGG\bin\Debug\OGG.lib" /NOLOGO C:\Users\xlnx\Desktop\OGG\OGG\temp\Debug\ogg_button.obj
         C:\Users\xlnx\Desktop\OGG\OGG\temp\Debug\ogg_components.obj
         C:\Users\xlnx\Desktop\OGG\OGG\temp\Debug\ogg_edit.obj
         C:\Users\xlnx\Desktop\OGG\OGG\temp\Debug\ogg_forms.obj
         C:\Users\xlnx\Desktop\OGG\OGG\temp\Debug\ogg_grid.obj
         C:\Users\xlnx\Desktop\OGG\OGG\temp\Debug\ogg_grid_canvas.obj
         C:\Users\xlnx\Desktop\OGG\OGG\temp\Debug\ogg_page_control.obj
         C:\Users\xlnx\Desktop\OGG\OGG\temp\Debug\ogg_shape.obj
         C:\Users\xlnx\Desktop\OGG\OGG\temp\Debug\ogg_event.obj
         C:\Users\xlnx\Desktop\OGG\OGG\temp\Debug\ogg_utils.obj
         OGG.vcxproj -> C:\Users\xlnx\Desktop\OGG\OGG\bin\Debug\OGG.lib
     1>已完成生成项目“C:\Users\xlnx\Desktop\OGG\OGG\OGG.vcxproj”(Build 个目标)的操作。

生成成功。

已用时间 00:00:01.12
