c:\users\xlnx\desktop\opengl_test\opengl_graphic\opengl_graphic\debug\vc120.pdb
c:\users\xlnx\desktop\opengl_test\opengl_graphic\opengl_graphic\debug\vc120.idb
c:\users\xlnx\desktop\opengl_test\opengl_graphic\opengl_graphic\debug\test_graphic_utils.obj
c:\users\xlnx\desktop\opengl_test\opengl_graphic\opengl_graphic\debug\graphic_utils.obj
c:\users\xlnx\desktop\opengl_test\opengl_graphic\opengl_graphic\debug\graphic_components.obj
c:\users\xlnx\desktop\opengl_test\opengl_graphic\opengl_graphic\debug\graphic_component_grid.obj
c:\users\xlnx\desktop\opengl_test\opengl_graphic\opengl_graphic\debug\graphic_component_shape.obj
c:\users\xlnx\desktop\opengl_test\opengl_graphic\debug\opengl_graphic.lib
c:\users\xlnx\desktop\opengl_test\opengl_graphic\debug\opengl_graphic.pdb
c:\users\xlnx\desktop\opengl_test\opengl_graphic\opengl_graphic\debug\opengl_graphic.tlog\cl.command.1.tlog
c:\users\xlnx\desktop\opengl_test\opengl_graphic\opengl_graphic\debug\opengl_graphic.tlog\cl.read.1.tlog
c:\users\xlnx\desktop\opengl_test\opengl_graphic\opengl_graphic\debug\opengl_graphic.tlog\cl.write.1.tlog
c:\users\xlnx\desktop\opengl_test\opengl_graphic\opengl_graphic\debug\opengl_graphic.tlog\lib-link.read.1.tlog
c:\users\xlnx\desktop\opengl_test\opengl_graphic\opengl_graphic\debug\opengl_graphic.tlog\lib-link.write.1.tlog
c:\users\xlnx\desktop\opengl_test\opengl_graphic\opengl_graphic\debug\opengl_graphic.tlog\lib.command.1.tlog
c:\users\xlnx\desktop\opengl_test\opengl_graphic\opengl_graphic\debug\opengl_graphic.tlog\link-cvtres.read.1.tlog
c:\users\xlnx\desktop\opengl_test\opengl_graphic\opengl_graphic\debug\opengl_graphic.tlog\link-cvtres.write.1.tlog
c:\users\xlnx\desktop\opengl_test\opengl_graphic\opengl_graphic\debug\opengl_graphic.tlog\link-rc.read.1.tlog
c:\users\xlnx\desktop\opengl_test\opengl_graphic\opengl_graphic\debug\opengl_graphic.tlog\link-rc.write.1.tlog
c:\users\xlnx\desktop\opengl_test\opengl_graphic\opengl_graphic\debug\opengl_graphic.tlog\link.command.1.tlog
c:\users\xlnx\desktop\opengl_test\opengl_graphic\opengl_graphic\debug\opengl_graphic.tlog\link.read.1.tlog
c:\users\xlnx\desktop\opengl_test\opengl_graphic\opengl_graphic\debug\opengl_graphic.tlog\link.write.1.tlog
