生成启动时间为 2017/3/20 0:00:03。
     1>项目“C:\Users\xlnx\Desktop\opengl_test\opengl_graphic\opengl_graphic\opengl_graphic.vcxproj”在节点 2 上(Build 个目标)。
     1>ClCompile:
         D:\Microsoft Visual Studio 12.0\VC\bin\CL.exe /c /ZI /nologo /W3 /WX- /sdl /Od /Oy- /D _MBCS /Gm /EHsc /RTC1 /MDd /GS /fp:precise /Zc:wchar_t /Zc:forScope /Fo"Debug\\" /Fd"Debug\vc120.pdb" /Gd /TC /analyze- /errorReport:prompt graphic_component_button.c graphic_component_shape.c
         graphic_component_shape.c
     1>c:\users\xlnx\desktop\opengl_test\opengl_graphic\opengl_graphic\graphic_component_shape.h(19): warning C4003: “def_startup”宏的实参不足
         graphic_component_button.c
     1>c:\users\xlnx\desktop\opengl_test\opengl_graphic\opengl_graphic\graphic_component_shape.h(19): warning C4003: “def_startup”宏的实参不足
         正在生成代码...
       Lib:
         D:\Microsoft Visual Studio 12.0\VC\bin\Lib.exe /OUT:"C:\Users\xlnx\Desktop\opengl_test\opengl_graphic\Debug\opengl_graphic.lib" /NOLOGO Debug\graphic_components.obj
         Debug\graphic_component_button.obj
         Debug\graphic_component_grid.obj
         Debug\graphic_component_shape.obj
         Debug\graphic_startup.obj
         Debug\graphic_utils.obj
         opengl_graphic.vcxproj -> C:\Users\xlnx\Desktop\opengl_test\opengl_graphic\Debug\opengl_graphic.lib
     1>已完成生成项目“C:\Users\xlnx\Desktop\opengl_test\opengl_graphic\opengl_graphic\opengl_graphic.vcxproj”(Build 个目标)的操作。

生成成功。

已用时间 00:00:00.81
