生成启动时间为 2017/3/20 22:21:48。
     1>项目“C:\Users\xlnx\Desktop\opengl_test\opengl_graphic\opengl_graphic\opengl_graphic.vcxproj”在节点 2 上(Build 个目标)。
     1>ClCompile:
         D:\Microsoft Visual Studio 12.0\VC\bin\CL.exe /c /Zi /nologo /W3 /WX- /sdl /O2 /Oi /Oy- /GL /D _MBCS /Gm- /EHsc /MD /GS /Gy /fp:precise /Zc:wchar_t /Zc:forScope /Fo"Release\\" /Fd"Release\vc120.pdb" /Gd /TC /analyze- /errorReport:prompt ogg_components.c ogg_button.c ogg_grid.c ogg_shape.c ogg_startup.c ogg_utils.c
         ogg_components.c
         ogg_button.c
         ogg_grid.c
         ogg_shape.c
         ogg_startup.c
         ogg_utils.c
       Lib:
         D:\Microsoft Visual Studio 12.0\VC\bin\Lib.exe /OUT:"C:\Users\xlnx\Desktop\opengl_test\opengl_graphic\Release\opengl_graphic.lib" /NOLOGO /LTCG Release\ogg_components.obj
         Release\ogg_button.obj
         Release\ogg_grid.obj
         Release\ogg_shape.obj
         Release\ogg_startup.obj
         Release\ogg_utils.obj
         opengl_graphic.vcxproj -> C:\Users\xlnx\Desktop\opengl_test\opengl_graphic\Release\opengl_graphic.lib
     1>已完成生成项目“C:\Users\xlnx\Desktop\opengl_test\opengl_graphic\opengl_graphic\opengl_graphic.vcxproj”(Build 个目标)的操作。

生成成功。

已用时间 00:00:02.06
